<?xml version="1.0" encoding="UTF-8"?>
<testng-results skipped="0" failed="0" ignored="0" total="1" passed="1">
  <reporter-output>
  </reporter-output>
  <suite name="ProgramSuite" duration-ms="47" started-at="2018-03-10T06:29:14Z" finished-at="2018-03-10T06:29:14Z">
    <groups>
    </groups>
    <test name="ProgramTest" duration-ms="47" started-at="2018-03-10T06:29:14Z" finished-at="2018-03-10T06:29:14Z">
      <class name="org.plcore.test.impl.ProgramOne">
        <test-method status="PASS" signature="test1()[pri:0, instance:org.plcore.test.impl.ProgramOne@1be6f5c3]" name="test1" duration-ms="16" started-at="2018-03-10T06:29:14Z" finished-at="2018-03-10T06:29:14Z">
          <reporter-output>
          </reporter-output>
        </test-method> <!-- test1 -->
      </class> <!-- org.plcore.test.impl.ProgramOne -->
    </test> <!-- ProgramTest -->
  </suite> <!-- ProgramSuite -->
</testng-results>
